Started GET "/" for 127.0.0.1 at 2020-05-16 11:11:56 -0300
Processing by Rails::WelcomeController#index as HTML
  Rendering /home/airton/.rbenv/versions/2.7.1/lib/ruby/gems/2.7.0/gems/railties-5.2.4.2/lib/rails/templates/rails/welcome/index.html.erb
  Rendered /home/airton/.rbenv/versions/2.7.1/lib/ruby/gems/2.7.0/gems/railties-5.2.4.2/lib/rails/templates/rails/welcome/index.html.erb (5.0ms)
Completed 200 OK in 28ms (Views: 17.9ms | ActiveRecord: 0.0ms)


Started GET "/" for 127.0.0.1 at 2020-05-16 11:12:07 -0300
Processing by Rails::WelcomeController#index as HTML
  Rendering /home/airton/.rbenv/versions/2.7.1/lib/ruby/gems/2.7.0/gems/railties-5.2.4.2/lib/rails/templates/rails/welcome/index.html.erb
  Rendered /home/airton/.rbenv/versions/2.7.1/lib/ruby/gems/2.7.0/gems/railties-5.2.4.2/lib/rails/templates/rails/welcome/index.html.erb (3.2ms)
Completed 200 OK in 6ms (Views: 4.4ms | ActiveRecord: 0.0ms)


  [1m[35m (0.2ms)[0m  [1m[34mSELECT sqlite_version(*)[0m
  ↳ bin/rails:9
  [1m[35m (129.2ms)[0m  [1m[35mCREATE TABLE "schema_migrations" ("version" varchar NOT NULL PRIMARY KEY)[0m
  ↳ bin/rails:9
  [1m[35m (127.6ms)[0m  [1m[35mCREATE TABLE "ar_internal_metadata" ("key" varchar NOT NULL PRIMARY KEY, "value" varchar, "created_at" datetime NOT NULL, "updated_at" datetime NOT NULL)[0m
  ↳ bin/rails:9
  [1m[35m (0.2ms)[0m  [1m[34mSELECT "schema_migrations"."version" FROM "schema_migrations" ORDER BY "schema_migrations"."version" ASC[0m
  ↳ bin/rails:9
Migrating to CreateCoins (20200516143852)
  [1m[35m (0.1ms)[0m  [1m[36mbegin transaction[0m
  ↳ bin/rails:9
  [1m[35m (0.5ms)[0m  [1m[35mCREATE TABLE "coins" ("id" integer PRIMARY KEY AUTOINCREMENT NOT NULL, "description" varchar, "acronym" varchar, "url_image" varchar, "created_at" datetime NOT NULL, "updated_at" datetime NOT NULL)[0m
  ↳ db/migrate/20200516143852_create_coins.rb:3
  [1m[36mActiveRecord::SchemaMigration Create (0.2ms)[0m  [1m[32mINSERT INTO "schema_migrations" ("version") VALUES (?)[0m  [["version", "20200516143852"]]
  ↳ bin/rails:9
  [1m[35m (132.0ms)[0m  [1m[36mcommit transaction[0m
  ↳ bin/rails:9
  [1m[36mActiveRecord::InternalMetadata Load (0.2ms)[0m  [1m[34mSELECT  "ar_internal_metadata".* FROM "ar_internal_metadata" WHERE "ar_internal_metadata"."key" = ? LIMIT ?[0m  [["key", "environment"], ["LIMIT", 1]]
  ↳ bin/rails:9
  [1m[35m (0.1ms)[0m  [1m[36mbegin transaction[0m
  ↳ bin/rails:9
  [1m[36mActiveRecord::InternalMetadata Create (0.3ms)[0m  [1m[32mINSERT INTO "ar_internal_metadata" ("key", "value", "created_at", "updated_at") VALUES (?, ?, ?, ?)[0m  [["key", "environment"], ["value", "development"], ["created_at", "2020-05-16 14:55:10.725902"], ["updated_at", "2020-05-16 14:55:10.725902"]]
  ↳ bin/rails:9
  [1m[35m (96.8ms)[0m  [1m[36mcommit transaction[0m
  ↳ bin/rails:9
  [1m[35m (0.3ms)[0m  [1m[34mSELECT "schema_migrations"."version" FROM "schema_migrations" ORDER BY "schema_migrations"."version" ASC[0m
  ↳ bin/rails:9
Started GET "/" for 127.0.0.1 at 2020-05-16 11:55:44 -0300
  [1m[35m (0.2ms)[0m  [1m[34mSELECT "schema_migrations"."version" FROM "schema_migrations" ORDER BY "schema_migrations"."version" ASC[0m
  ↳ /home/airton/.rbenv/versions/2.7.1/lib/ruby/gems/2.7.0/gems/activerecord-5.2.4.2/lib/active_record/log_subscriber.rb:98
Processing by Rails::WelcomeController#index as HTML
  Rendering /home/airton/.rbenv/versions/2.7.1/lib/ruby/gems/2.7.0/gems/railties-5.2.4.2/lib/rails/templates/rails/welcome/index.html.erb
  Rendered /home/airton/.rbenv/versions/2.7.1/lib/ruby/gems/2.7.0/gems/railties-5.2.4.2/lib/rails/templates/rails/welcome/index.html.erb (2.7ms)
Completed 200 OK in 5ms (Views: 3.8ms | ActiveRecord: 0.0ms)


Started GET "/" for 127.0.0.1 at 2020-05-16 11:56:02 -0300
  [1m[35m (0.2ms)[0m  [1m[34mSELECT "schema_migrations"."version" FROM "schema_migrations" ORDER BY "schema_migrations"."version" ASC[0m
  ↳ /home/airton/.rbenv/versions/2.7.1/lib/ruby/gems/2.7.0/gems/activerecord-5.2.4.2/lib/active_record/log_subscriber.rb:98
Processing by Rails::WelcomeController#index as HTML
  Rendering /home/airton/.rbenv/versions/2.7.1/lib/ruby/gems/2.7.0/gems/railties-5.2.4.2/lib/rails/templates/rails/welcome/index.html.erb
  Rendered /home/airton/.rbenv/versions/2.7.1/lib/ruby/gems/2.7.0/gems/railties-5.2.4.2/lib/rails/templates/rails/welcome/index.html.erb (5.4ms)
Completed 200 OK in 19ms (Views: 9.5ms | ActiveRecord: 0.0ms)


Started GET "/coins" for 127.0.0.1 at 2020-05-16 11:56:36 -0300
Processing by CoinsController#index as HTML
  Rendering coins/index.html.erb within layouts/application
  [1m[36mCoin Load (0.3ms)[0m  [1m[34mSELECT "coins".* FROM "coins"[0m
  ↳ app/views/coins/index.html.erb:16
  Rendered coins/index.html.erb within layouts/application (7.5ms)
Completed 200 OK in 1611ms (Views: 1602.8ms | ActiveRecord: 1.3ms)


Started GET "/coins" for 127.0.0.1 at 2020-05-16 11:57:07 -0300
Processing by CoinsController#index as HTML
  Rendering coins/index.html.erb within layouts/application
  [1m[36mCoin Load (0.3ms)[0m  [1m[34mSELECT "coins".* FROM "coins"[0m
  ↳ app/views/coins/index.html.erb:16
  Rendered coins/index.html.erb within layouts/application (2.6ms)
Completed 200 OK in 33ms (Views: 31.2ms | ActiveRecord: 0.3ms)


Started GET "/coinsf" for 127.0.0.1 at 2020-05-16 13:04:27 -0300
  
ActionController::RoutingError (No route matches [GET] "/coinsf"):
  
actionpack (5.2.4.2) lib/action_dispatch/middleware/debug_exceptions.rb:65:in `call'
web-console (3.7.0) lib/web_console/middleware.rb:135:in `call_app'
web-console (3.7.0) lib/web_console/middleware.rb:30:in `block in call'
web-console (3.7.0) lib/web_console/middleware.rb:20:in `catch'
web-console (3.7.0) lib/web_console/middleware.rb:20:in `call'
actionpack (5.2.4.2) lib/action_dispatch/middleware/show_exceptions.rb:33:in `call'
railties (5.2.4.2) lib/rails/rack/logger.rb:38:in `call_app'
railties (5.2.4.2) lib/rails/rack/logger.rb:26:in `block in call'
activesupport (5.2.4.2) lib/active_support/tagged_logging.rb:71:in `block in tagged'
activesupport (5.2.4.2) lib/active_support/tagged_logging.rb:28:in `tagged'
activesupport (5.2.4.2) lib/active_support/tagged_logging.rb:71:in `tagged'
railties (5.2.4.2) lib/rails/rack/logger.rb:26:in `call'
sprockets-rails (3.2.1) lib/sprockets/rails/quiet_assets.rb:13:in `call'
actionpack (5.2.4.2) lib/action_dispatch/middleware/remote_ip.rb:81:in `call'
actionpack (5.2.4.2) lib/action_dispatch/middleware/request_id.rb:27:in `call'
rack (2.2.2) lib/rack/method_override.rb:24:in `call'
rack (2.2.2) lib/rack/runtime.rb:22:in `call'
activesupport (5.2.4.2) lib/active_support/cache/strategy/local_cache_middleware.rb:29:in `call'
actionpack (5.2.4.2) lib/action_dispatch/middleware/executor.rb:14:in `call'
actionpack (5.2.4.2) lib/action_dispatch/middleware/static.rb:127:in `call'
rack (2.2.2) lib/rack/sendfile.rb:110:in `call'
railties (5.2.4.2) lib/rails/engine.rb:524:in `call'
puma (3.12.4) lib/puma/configuration.rb:227:in `call'
puma (3.12.4) lib/puma/server.rb:675:in `handle_request'
puma (3.12.4) lib/puma/server.rb:476:in `process_client'
puma (3.12.4) lib/puma/server.rb:334:in `block in run'
puma (3.12.4) lib/puma/thread_pool.rb:135:in `block in spawn_thread'
Started GET "/welcome/index" for 127.0.0.1 at 2020-05-16 13:04:48 -0300
Processing by WelcomeController#index as HTML
  Rendering welcome/index.html.erb within layouts/application
  Rendered welcome/index.html.erb within layouts/application (0.3ms)
Completed 200 OK in 43ms (Views: 42.4ms | ActiveRecord: 0.0ms)


Started GET "/welcome/index" for 127.0.0.1 at 2020-05-16 13:05:15 -0300
Processing by WelcomeController#index as HTML
  Rendering welcome/index.html.erb within layouts/application
  Rendered welcome/index.html.erb within layouts/application (0.3ms)
Completed 200 OK in 18ms (Views: 17.5ms | ActiveRecord: 0.0ms)


Started GET "/welcome/index" for 127.0.0.1 at 2020-05-16 13:07:07 -0300
Processing by WelcomeController#index as HTML
  Rendering welcome/index.html.erb within layouts/application
  Rendered welcome/index.html.erb within layouts/application (0.2ms)
Completed 200 OK in 28ms (Views: 27.1ms | ActiveRecord: 0.0ms)


Started GET "/welcome/index" for 127.0.0.1 at 2020-05-16 17:08:04 -0300
  [1m[35m (0.2ms)[0m  [1m[34mSELECT "schema_migrations"."version" FROM "schema_migrations" ORDER BY "schema_migrations"."version" ASC[0m
  ↳ /home/airton/.rbenv/versions/2.7.1/lib/ruby/gems/2.7.0/gems/activerecord-5.2.4.2/lib/active_record/log_subscriber.rb:98
Processing by WelcomeController#index as HTML
  Rendering welcome/index.html.erb within layouts/application
  Rendered welcome/index.html.erb within layouts/application (0.9ms)
Completed 500 Internal Server Error in 12ms (ActiveRecord: 0.0ms)


  
SyntaxError (/home/airton/Documentos/crypto_wallet/app/views/welcome/index.html.erb:3: syntax error, unexpected '<'
...reeze;@output_buffer.append=( <%= link_to "Cadastro de Moeda...
...                              ^
/home/airton/Documentos/crypto_wallet/app/views/welcome/index.html.erb:7: syntax error, unexpected `ensure', expecting ')'
          ensure
          ^~~~~~
/home/airton/Documentos/crypto_wallet/app/views/welcome/index.html.erb:9: syntax error, unexpected `end', expecting ')'
          end
          ^~~
):
  
app/views/welcome/index.html.erb:3: syntax error, unexpected '<'
app/views/welcome/index.html.erb:7: syntax error, unexpected `ensure', expecting ')'
app/views/welcome/index.html.erb:9: syntax error, unexpected `end', expecting ')'
Started GET "/welcomes" for 127.0.0.1 at 2020-05-16 17:08:10 -0300
  
ActionController::RoutingError (No route matches [GET] "/welcomes"):
  
actionpack (5.2.4.2) lib/action_dispatch/middleware/debug_exceptions.rb:65:in `call'
web-console (3.7.0) lib/web_console/middleware.rb:135:in `call_app'
web-console (3.7.0) lib/web_console/middleware.rb:30:in `block in call'
web-console (3.7.0) lib/web_console/middleware.rb:20:in `catch'
web-console (3.7.0) lib/web_console/middleware.rb:20:in `call'
actionpack (5.2.4.2) lib/action_dispatch/middleware/show_exceptions.rb:33:in `call'
railties (5.2.4.2) lib/rails/rack/logger.rb:38:in `call_app'
railties (5.2.4.2) lib/rails/rack/logger.rb:26:in `block in call'
activesupport (5.2.4.2) lib/active_support/tagged_logging.rb:71:in `block in tagged'
activesupport (5.2.4.2) lib/active_support/tagged_logging.rb:28:in `tagged'
activesupport (5.2.4.2) lib/active_support/tagged_logging.rb:71:in `tagged'
railties (5.2.4.2) lib/rails/rack/logger.rb:26:in `call'
sprockets-rails (3.2.1) lib/sprockets/rails/quiet_assets.rb:13:in `call'
actionpack (5.2.4.2) lib/action_dispatch/middleware/remote_ip.rb:81:in `call'
actionpack (5.2.4.2) lib/action_dispatch/middleware/request_id.rb:27:in `call'
rack (2.2.2) lib/rack/method_override.rb:24:in `call'
rack (2.2.2) lib/rack/runtime.rb:22:in `call'
activesupport (5.2.4.2) lib/active_support/cache/strategy/local_cache_middleware.rb:29:in `call'
actionpack (5.2.4.2) lib/action_dispatch/middleware/executor.rb:14:in `call'
actionpack (5.2.4.2) lib/action_dispatch/middleware/static.rb:127:in `call'
rack (2.2.2) lib/rack/sendfile.rb:110:in `call'
railties (5.2.4.2) lib/rails/engine.rb:524:in `call'
puma (3.12.4) lib/puma/configuration.rb:227:in `call'
puma (3.12.4) lib/puma/server.rb:675:in `handle_request'
puma (3.12.4) lib/puma/server.rb:476:in `process_client'
puma (3.12.4) lib/puma/server.rb:334:in `block in run'
puma (3.12.4) lib/puma/thread_pool.rb:135:in `block in spawn_thread'
Started GET "/welcomes" for 127.0.0.1 at 2020-05-16 17:08:35 -0300
  
ActionController::RoutingError (No route matches [GET] "/welcomes"):
  
actionpack (5.2.4.2) lib/action_dispatch/middleware/debug_exceptions.rb:65:in `call'
web-console (3.7.0) lib/web_console/middleware.rb:135:in `call_app'
web-console (3.7.0) lib/web_console/middleware.rb:30:in `block in call'
web-console (3.7.0) lib/web_console/middleware.rb:20:in `catch'
web-console (3.7.0) lib/web_console/middleware.rb:20:in `call'
actionpack (5.2.4.2) lib/action_dispatch/middleware/show_exceptions.rb:33:in `call'
railties (5.2.4.2) lib/rails/rack/logger.rb:38:in `call_app'
railties (5.2.4.2) lib/rails/rack/logger.rb:26:in `block in call'
activesupport (5.2.4.2) lib/active_support/tagged_logging.rb:71:in `block in tagged'
activesupport (5.2.4.2) lib/active_support/tagged_logging.rb:28:in `tagged'
activesupport (5.2.4.2) lib/active_support/tagged_logging.rb:71:in `tagged'
railties (5.2.4.2) lib/rails/rack/logger.rb:26:in `call'
sprockets-rails (3.2.1) lib/sprockets/rails/quiet_assets.rb:13:in `call'
actionpack (5.2.4.2) lib/action_dispatch/middleware/remote_ip.rb:81:in `call'
actionpack (5.2.4.2) lib/action_dispatch/middleware/request_id.rb:27:in `call'
rack (2.2.2) lib/rack/method_override.rb:24:in `call'
rack (2.2.2) lib/rack/runtime.rb:22:in `call'
activesupport (5.2.4.2) lib/active_support/cache/strategy/local_cache_middleware.rb:29:in `call'
actionpack (5.2.4.2) lib/action_dispatch/middleware/executor.rb:14:in `call'
actionpack (5.2.4.2) lib/action_dispatch/middleware/static.rb:127:in `call'
rack (2.2.2) lib/rack/sendfile.rb:110:in `call'
railties (5.2.4.2) lib/rails/engine.rb:524:in `call'
puma (3.12.4) lib/puma/configuration.rb:227:in `call'
puma (3.12.4) lib/puma/server.rb:675:in `handle_request'
puma (3.12.4) lib/puma/server.rb:476:in `process_client'
puma (3.12.4) lib/puma/server.rb:334:in `block in run'
puma (3.12.4) lib/puma/thread_pool.rb:135:in `block in spawn_thread'
Started GET "/welcome/index" for 127.0.0.1 at 2020-05-16 17:08:46 -0300
Processing by WelcomeController#index as HTML
  Rendering welcome/index.html.erb within layouts/application
  Rendered welcome/index.html.erb within layouts/application (0.6ms)
Completed 200 OK in 287ms (Views: 285.8ms | ActiveRecord: 0.0ms)


Started GET "/coins" for 127.0.0.1 at 2020-05-16 17:08:48 -0300
Processing by CoinsController#index as HTML
  Rendering coins/index.html.erb within layouts/application
  [1m[36mCoin Load (0.2ms)[0m  [1m[34mSELECT "coins".* FROM "coins"[0m
  ↳ app/views/coins/index.html.erb:16
  Rendered coins/index.html.erb within layouts/application (3.4ms)
Completed 200 OK in 29ms (Views: 24.0ms | ActiveRecord: 0.6ms)


Started GET "/coins/new" for 127.0.0.1 at 2020-05-16 17:09:45 -0300
Processing by CoinsController#new as HTML
  Rendering coins/new.html.erb within layouts/application
  Rendered coins/_form.html.erb (137.4ms)
  Rendered coins/new.html.erb within layouts/application (139.3ms)
Completed 200 OK in 190ms (Views: 172.1ms | ActiveRecord: 1.3ms)


Started POST "/coins" for 127.0.0.1 at 2020-05-16 17:09:58 -0300
Processing by CoinsController#create as HTML
  Parameters: {"utf8"=>"✓", "authenticity_token"=>"a6nkTzxSTD6olqAD/Uleh538170P1y2WgQU1Yx6q5bj1e+kVUc9yuDZpTXyTDzItbdss15rkJhvECkRuoRckkg==", "coin"=>{"description"=>"Bitcoin", "acronym"=>"BTC", "url_image"=>""}, "commit"=>"Create Coin"}
  [1m[35m (0.2ms)[0m  [1m[36mbegin transaction[0m
  ↳ app/controllers/coins_controller.rb:30
  [1m[36mCoin Create (0.7ms)[0m  [1m[32mINSERT INTO "coins" ("description", "acronym", "url_image", "created_at", "updated_at") VALUES (?, ?, ?, ?, ?)[0m  [["description", "Bitcoin"], ["acronym", "BTC"], ["url_image", ""], ["created_at", "2020-05-16 20:09:58.741660"], ["updated_at", "2020-05-16 20:09:58.741660"]]
  ↳ app/controllers/coins_controller.rb:30
  [1m[35m (134.8ms)[0m  [1m[36mcommit transaction[0m
  ↳ app/controllers/coins_controller.rb:30
Redirected to http://localhost:3000/coins/1
Completed 302 Found in 146ms (ActiveRecord: 135.7ms)


Started GET "/coins/1" for 127.0.0.1 at 2020-05-16 17:09:58 -0300
Processing by CoinsController#show as HTML
  Parameters: {"id"=>"1"}
  [1m[36mCoin Load (0.3ms)[0m  [1m[34mSELECT  "coins".* FROM "coins" WHERE "coins"."id" = ? LIMIT ?[0m  [["id", 1], ["LIMIT", 1]]
  ↳ app/controllers/coins_controller.rb:67
  Rendering coins/show.html.erb within layouts/application
  Rendered coins/show.html.erb within layouts/application (1.3ms)
Completed 200 OK in 51ms (Views: 45.2ms | ActiveRecord: 0.3ms)


Started GET "/coins" for 127.0.0.1 at 2020-05-16 17:10:01 -0300
Processing by CoinsController#index as HTML
  Rendering coins/index.html.erb within layouts/application
  [1m[36mCoin Load (0.3ms)[0m  [1m[34mSELECT "coins".* FROM "coins"[0m
  ↳ app/views/coins/index.html.erb:16
  Rendered coins/index.html.erb within layouts/application (3.8ms)
Completed 200 OK in 32ms (Views: 29.2ms | ActiveRecord: 0.3ms)


Started GET "/coins/1/edit" for 127.0.0.1 at 2020-05-16 17:13:17 -0300
Processing by CoinsController#edit as HTML
  Parameters: {"id"=>"1"}
  [1m[36mCoin Load (0.2ms)[0m  [1m[34mSELECT  "coins".* FROM "coins" WHERE "coins"."id" = ? LIMIT ?[0m  [["id", 1], ["LIMIT", 1]]
  ↳ app/controllers/coins_controller.rb:67
  Rendering coins/edit.html.erb within layouts/application
  Rendered coins/_form.html.erb (3.7ms)
  Rendered coins/edit.html.erb within layouts/application (5.2ms)
Completed 200 OK in 33ms (Views: 29.9ms | ActiveRecord: 0.2ms)


Started PATCH "/coins/1" for 127.0.0.1 at 2020-05-16 17:13:46 -0300
Processing by CoinsController#update as HTML
  Parameters: {"utf8"=>"✓", "authenticity_token"=>"BCdsMQBI8hxC7GVjJQ6+5Gn57LybImd3zqMtrFbN4tMBegPF+4S0TYmNCI26Cj/0ZTC9bXFwRYk9u8FMKo7Mtg==", "coin"=>{"description"=>"Bitcoin", "acronym"=>"BTC", "url_image"=>"https://img2.gratispng.com/20180324/tre/kisspng-bitcoin-cryptocurrency-logo-zazzle-ethereum-bitcoin-5ab6e422d6fc54.3809289415219353948806.jpg"}, "commit"=>"Update Coin", "id"=>"1"}
  [1m[36mCoin Load (0.4ms)[0m  [1m[34mSELECT  "coins".* FROM "coins" WHERE "coins"."id" = ? LIMIT ?[0m  [["id", 1], ["LIMIT", 1]]
  ↳ app/controllers/coins_controller.rb:67
  [1m[35m (0.2ms)[0m  [1m[36mbegin transaction[0m
  ↳ app/controllers/coins_controller.rb:44
  [1m[36mCoin Update (0.5ms)[0m  [1m[33mUPDATE "coins" SET "url_image" = ?, "updated_at" = ? WHERE "coins"."id" = ?[0m  [["url_image", "https://img2.gratispng.com/20180324/tre/kisspng-bitcoin-cryptocurrency-logo-zazzle-ethereum-bitcoin-5ab6e422d6fc54.3809289415219353948806.jpg"], ["updated_at", "2020-05-16 20:13:46.897465"], ["id", 1]]
  ↳ app/controllers/coins_controller.rb:44
  [1m[35m (235.4ms)[0m  [1m[36mcommit transaction[0m
  ↳ app/controllers/coins_controller.rb:44
Redirected to http://localhost:3000/coins/1
Completed 302 Found in 251ms (ActiveRecord: 236.6ms)


Started GET "/coins/1" for 127.0.0.1 at 2020-05-16 17:13:47 -0300
Processing by CoinsController#show as HTML
  Parameters: {"id"=>"1"}
  [1m[36mCoin Load (0.4ms)[0m  [1m[34mSELECT  "coins".* FROM "coins" WHERE "coins"."id" = ? LIMIT ?[0m  [["id", 1], ["LIMIT", 1]]
  ↳ app/controllers/coins_controller.rb:67
  Rendering coins/show.html.erb within layouts/application
  Rendered coins/show.html.erb within layouts/application (2.1ms)
Completed 200 OK in 35ms (Views: 30.7ms | ActiveRecord: 0.4ms)


Started GET "/coins" for 127.0.0.1 at 2020-05-16 17:13:49 -0300
Processing by CoinsController#index as HTML
  Rendering coins/index.html.erb within layouts/application
  [1m[36mCoin Load (0.4ms)[0m  [1m[34mSELECT "coins".* FROM "coins"[0m
  ↳ app/views/coins/index.html.erb:16
  Rendered coins/index.html.erb within layouts/application (4.3ms)
Completed 200 OK in 35ms (Views: 33.0ms | ActiveRecord: 0.4ms)


Started GET "/coins/new" for 127.0.0.1 at 2020-05-16 17:14:15 -0300
Processing by CoinsController#new as HTML
  Rendering coins/new.html.erb within layouts/application
  Rendered coins/_form.html.erb (6.1ms)
  Rendered coins/new.html.erb within layouts/application (8.2ms)
Completed 200 OK in 35ms (Views: 32.1ms | ActiveRecord: 0.0ms)


Started POST "/coins" for 127.0.0.1 at 2020-05-16 17:14:49 -0300
Processing by CoinsController#create as HTML
  Parameters: {"utf8"=>"✓", "authenticity_token"=>"9INaKD8osZ3cPZrwq/MCy8FGiZ4OgYJJyRcXlFcxQmRqUVdyUrWPG0LCd4/FtW5hMWFy9JuyicSMGGaZ6IyDTg==", "coin"=>{"description"=>"Ethereum", "acronym"=>"ETH", "url_image"=>"https://s2.coinmarketcap.com/static/img/coins/200x200/1027.png"}, "commit"=>"Create Coin"}
  [1m[35m (0.1ms)[0m  [1m[36mbegin transaction[0m
  ↳ app/controllers/coins_controller.rb:30
  [1m[36mCoin Create (0.3ms)[0m  [1m[32mINSERT INTO "coins" ("description", "acronym", "url_image", "created_at", "updated_at") VALUES (?, ?, ?, ?, ?)[0m  [["description", "Ethereum"], ["acronym", "ETH"], ["url_image", "https://s2.coinmarketcap.com/static/img/coins/200x200/1027.png"], ["created_at", "2020-05-16 20:14:49.185598"], ["updated_at", "2020-05-16 20:14:49.185598"]]
  ↳ app/controllers/coins_controller.rb:30
  [1m[35m (222.7ms)[0m  [1m[36mcommit transaction[0m
  ↳ app/controllers/coins_controller.rb:30
Redirected to http://localhost:3000/coins/2
Completed 302 Found in 231ms (ActiveRecord: 223.1ms)


Started GET "/coins/2" for 127.0.0.1 at 2020-05-16 17:14:49 -0300
Processing by CoinsController#show as HTML
  Parameters: {"id"=>"2"}
  [1m[36mCoin Load (0.3ms)[0m  [1m[34mSELECT  "coins".* FROM "coins" WHERE "coins"."id" = ? LIMIT ?[0m  [["id", 2], ["LIMIT", 1]]
  ↳ app/controllers/coins_controller.rb:67
  Rendering coins/show.html.erb within layouts/application
  Rendered coins/show.html.erb within layouts/application (1.7ms)
Completed 200 OK in 37ms (Views: 33.4ms | ActiveRecord: 0.3ms)


Started GET "/coins" for 127.0.0.1 at 2020-05-16 17:14:50 -0300
Processing by CoinsController#index as HTML
  Rendering coins/index.html.erb within layouts/application
  [1m[36mCoin Load (0.3ms)[0m  [1m[34mSELECT "coins".* FROM "coins"[0m
  ↳ app/views/coins/index.html.erb:16
  Rendered coins/index.html.erb within layouts/application (4.5ms)
Completed 200 OK in 32ms (Views: 29.7ms | ActiveRecord: 0.3ms)


Started GET "/coins/1/edit" for 127.0.0.1 at 2020-05-16 17:15:43 -0300
Processing by CoinsController#edit as HTML
  Parameters: {"id"=>"1"}
  [1m[36mCoin Load (0.3ms)[0m  [1m[34mSELECT  "coins".* FROM "coins" WHERE "coins"."id" = ? LIMIT ?[0m  [["id", 1], ["LIMIT", 1]]
  ↳ app/controllers/coins_controller.rb:67
  Rendering coins/edit.html.erb within layouts/application
  Rendered coins/_form.html.erb (6.5ms)
  Rendered coins/edit.html.erb within layouts/application (9.1ms)
Completed 200 OK in 40ms (Views: 35.6ms | ActiveRecord: 0.3ms)


Started PATCH "/coins/1" for 127.0.0.1 at 2020-05-16 17:15:48 -0300
Processing by CoinsController#update as HTML
  Parameters: {"utf8"=>"✓", "authenticity_token"=>"GcI8K7KA4znj2/Q4A7GEJJFlvg/LfjRZkj7bmoy1RmUcn1PfSUylaCi6mdactQU0nazv3iEsFqdhJjd68PZoAA==", "coin"=>{"description"=>"Bitcoin", "acronym"=>"BTC", "url_image"=>"https://s2.glbimg.com/gfP8fLw2BQk95QMfzXGtjDdjn88=/984x0/smart/filters:strip_icc()/i.s3.glbimg.com/v1/AUTH_63b422c2caee4269b8b34177e8876b93/internal_photos/bs/2019/u/l/B3RPBlS12Za4gj8dBvCw/bitcoin.png"}, "commit"=>"Update Coin", "id"=>"1"}
  [1m[36mCoin Load (0.1ms)[0m  [1m[34mSELECT  "coins".* FROM "coins" WHERE "coins"."id" = ? LIMIT ?[0m  [["id", 1], ["LIMIT", 1]]
  ↳ app/controllers/coins_controller.rb:67
  [1m[35m (0.1ms)[0m  [1m[36mbegin transaction[0m
  ↳ app/controllers/coins_controller.rb:44
  [1m[36mCoin Update (0.3ms)[0m  [1m[33mUPDATE "coins" SET "url_image" = ?, "updated_at" = ? WHERE "coins"."id" = ?[0m  [["url_image", "https://s2.glbimg.com/gfP8fLw2BQk95QMfzXGtjDdjn88=/984x0/smart/filters:strip_icc()/i.s3.glbimg.com/v1/AUTH_63b422c2caee4269b8b34177e8876b93/internal_photos/bs/2019/u/l/B3RPBlS12Za4gj8dBvCw/bitcoin.png"], ["updated_at", "2020-05-16 20:15:48.098087"], ["id", 1]]
  ↳ app/controllers/coins_controller.rb:44
  [1m[35m (218.6ms)[0m  [1m[36mcommit transaction[0m
  ↳ app/controllers/coins_controller.rb:44
Redirected to http://localhost:3000/coins/1
Completed 302 Found in 227ms (ActiveRecord: 219.1ms)


Started GET "/coins/1" for 127.0.0.1 at 2020-05-16 17:15:48 -0300
Processing by CoinsController#show as HTML
  Parameters: {"id"=>"1"}
  [1m[36mCoin Load (0.3ms)[0m  [1m[34mSELECT  "coins".* FROM "coins" WHERE "coins"."id" = ? LIMIT ?[0m  [["id", 1], ["LIMIT", 1]]
  ↳ app/controllers/coins_controller.rb:67
  Rendering coins/show.html.erb within layouts/application
  Rendered coins/show.html.erb within layouts/application (2.2ms)
Completed 200 OK in 37ms (Views: 33.3ms | ActiveRecord: 0.3ms)


Started GET "/coins" for 127.0.0.1 at 2020-05-16 17:15:49 -0300
Processing by CoinsController#index as HTML
  Rendering coins/index.html.erb within layouts/application
  [1m[36mCoin Load (0.2ms)[0m  [1m[34mSELECT "coins".* FROM "coins"[0m
  ↳ app/views/coins/index.html.erb:16
  Rendered coins/index.html.erb within layouts/application (2.3ms)
Completed 200 OK in 27ms (Views: 26.1ms | ActiveRecord: 0.2ms)


Started GET "/coins" for 127.0.0.1 at 2020-05-16 17:21:03 -0300
Processing by CoinsController#index as HTML
  Rendering coins/index.html.erb within layouts/application
  [1m[36mCoin Load (0.1ms)[0m  [1m[34mSELECT "coins".* FROM "coins"[0m
  ↳ app/views/coins/index.html.erb:16
  Rendered coins/index.html.erb within layouts/application (2.4ms)
Completed 200 OK in 27ms (Views: 24.5ms | ActiveRecord: 0.1ms)


Started GET "/coins" for 127.0.0.1 at 2020-05-16 17:22:49 -0300
Processing by CoinsController#index as HTML
  Rendering coins/index.html.erb within layouts/application
  [1m[36mCoin Load (0.2ms)[0m  [1m[34mSELECT "coins".* FROM "coins"[0m
  ↳ app/views/coins/index.html.erb:16
  Rendered coins/index.html.erb within layouts/application (2.4ms)
Completed 200 OK in 31ms (Views: 29.4ms | ActiveRecord: 0.2ms)


Started GET "/welcome/index" for 127.0.0.1 at 2020-05-16 17:30:03 -0300
Processing by WelcomeController#index as HTML
  Rendering welcome/index.html.erb within layouts/application
  Rendered welcome/index.html.erb within layouts/application (6.0ms)
Completed 500 Internal Server Error in 9ms (ActiveRecord: 0.0ms)


  
ActionView::Template::Error (uninitialized constant ActionView::CompiledTemplates::Datetime):
    1: <h1>Seja Bem-Vindo</h1>
    2: <p>
    3: Data: <%= Datetime.today.strftime("%d/%m/%Y") %>
    4: </p>
    5: <p>
    6: <%= link_to "Cadastro de Moedas", coins_path %> 
  
app/views/welcome/index.html.erb:3:in `_app_views_welcome_index_html_erb__1282339474186355459_17880'
Started GET "/welcome/index" for 127.0.0.1 at 2020-05-16 17:30:22 -0300
Processing by WelcomeController#index as HTML
  Rendering welcome/index.html.erb within layouts/application
  Rendered welcome/index.html.erb within layouts/application (1.1ms)
Completed 200 OK in 31ms (Views: 28.6ms | ActiveRecord: 0.0ms)


Started GET "/welcome/index" for 127.0.0.1 at 2020-05-16 17:33:33 -0300
Processing by WelcomeController#index as HTML
  Rendering welcome/index.html.erb within layouts/application
  Rendered welcome/index.html.erb within layouts/application (0.8ms)
Completed 200 OK in 35ms (Views: 33.2ms | ActiveRecord: 0.0ms)


Started GET "/" for 127.0.0.1 at 2020-05-16 17:46:00 -0300
Processing by WelcomeController#index as HTML
  Rendering welcome/index.html.erb within layouts/application
  Rendered welcome/index.html.erb within layouts/application (0.7ms)
Completed 200 OK in 29ms (Views: 28.1ms | ActiveRecord: 0.0ms)


Started GET "/" for 127.0.0.1 at 2020-05-17 00:03:24 -0300
Processing by WelcomeController#index as HTML
  Rendering welcome/index.html.erb within layouts/application
  Rendered welcome/index.html.erb within layouts/application (0.7ms)
Completed 200 OK in 25ms (Views: 23.0ms | ActiveRecord: 0.0ms)


